<?xml version="1.0" encoding="UTF-8"?>
<!-- Generated by org.testng.reporters.JUnitXMLReporter -->
<testsuite ignored="0" hostname="LAPTOP-PKPP5N4P" failures="1" tests="1" name="Default test(failed)" time="7.443" errors="0" timestamp="2022-04-25T13:05:03 IST">
  <testcase classname="TestNG.Testcase1" name="tc1" time="3.776">
    <failure type="java.lang.AssertionError" message="The following asserts failed:
	expected [65468786786rytryu] but found [Facebook – log in or sign up]">
      <![CDATA[java.lang.AssertionError: The following asserts failed:
expected [65468786786rytryu] but found [Facebook – log in or sign up]
at TestNG.Testcase1.tc1(Testcase1.java:46)
at java.base/java.util.ArrayList.forEach(ArrayList.java:1511)
... Removed 29 stack frames]]>
    </failure>
  </testcase> <!-- tc1 -->
</testsuite> <!-- Default test(failed) -->
