<?xml version="1.0" encoding="UTF-8"?>
<!-- Generated by org.testng.reporters.JUnitXMLReporter -->
<testsuite ignored="0" hostname="LAPTOP-PKPP5N4P" failures="1" tests="1" name="Default test(failed)(failed)" time="0.031" errors="0" timestamp="2022-04-23T18:04:03 IST">
  <testcase classname="TestNG.Parallel" name="tc1" time="0.0">
    <failure type="org.testng.TestNGException" message="
Parameter &amp;apos;browserName&amp;apos; is required by @Test on method tc1 but has not been marked @Optional or defined
in C:\Javaprograms\Selenium Automation\test-output\testng-failed.xml">
      <![CDATA[org.testng.TestNGException: 
Parameter 'browserName' is required by @Test on method tc1 but has not been marked @Optional or defined
in C:\Javaprograms\Selenium Automation\test-output\testng-failed.xml
at java.base/java.util.ArrayList.forEach(ArrayList.java:1511)
... Removed 26 stack frames]]>
    </failure>
  </testcase> <!-- tc1 -->
</testsuite> <!-- Default test(failed)(failed) -->
